<?xml version="1.0" encoding="UTF-8"?>
<!-- Generated by org.testng.reporters.JUnitXMLReporter -->
<testsuite ignored="1" hostname="DESKTOP-T6DRP6P" failures="0" tests="1" name="Default test(failed)(failed)" time="0.129" errors="0" timestamp="2023-10-04T07:52:24 IST">
  <testcase classname="Guruschools13_maven.Guruschools13_maven.AsertDemo2" name="validateNo" time="0.018"/>
  <testcase classname="Guruschools13_maven.Guruschools13_maven.AsertDemo2" name="validateNo2" time="0.0">
    <ignored/>
  </testcase> <!-- validateNo2 -->
</testsuite> <!-- Default test(failed)(failed) -->
