<?xml version="1.0" encoding="UTF-8"?>
<!-- Generated by org.testng.reporters.JUnitXMLReporter -->
<testsuite ignored="0" hostname="DESKTOP-T6DRP6P" failures="0" tests="3" name="Test" time="9.114" errors="0" timestamp="2023-11-10T15:21:38 IST">
  <testcase classname="RediffTestCases.AssertEquals" name="googleTitle" time="8.959"/>
  <testcase classname="RediffTestCases.AssertEquals" name="validate" time="0.006"/>
  <testcase classname="RediffTestCases.AssertEquals" name="validate1" time="0.012"/>
</testsuite> <!-- Test -->
